<?xml version="1.0" encoding="UTF-8"?>
<testng-results skipped="0" failed="1" ignored="0" total="3" passed="2">
  <reporter-output>
  </reporter-output>
  <suite name="Suite" duration-ms="49017" started-at="2019-02-06T04:05:25Z" finished-at="2019-02-06T04:06:14Z">
    <groups>
    </groups>
    <test name="Test" duration-ms="49017" started-at="2019-02-06T04:05:25Z" finished-at="2019-02-06T04:06:14Z">
      <class name="TEST.Test1">
        <test-method status="PASS" signature="beforeEachTest()[pri:0, instance:TEST.Test1@589b3632]" name="beforeEachTest" is-config="true" duration-ms="8932" started-at="2019-02-05T23:05:25Z" finished-at="2019-02-05T23:05:34Z">
          <reporter-output>
          </reporter-output>
        </test-method> <!-- beforeEachTest -->
        <test-method status="PASS" signature="Test0001()[pri:0, instance:TEST.Test1@589b3632]" name="Test0001" duration-ms="6266" started-at="2019-02-05T23:05:34Z" finished-at="2019-02-05T23:05:41Z">
          <reporter-output>
          </reporter-output>
        </test-method> <!-- Test0001 -->
        <test-method status="PASS" signature="afterEachTest()[pri:0, instance:TEST.Test1@589b3632]" name="afterEachTest" is-config="true" duration-ms="4320" started-at="2019-02-05T23:05:41Z" finished-at="2019-02-05T23:05:45Z">
          <reporter-output>
          </reporter-output>
        </test-method> <!-- afterEachTest -->
        <test-method status="PASS" signature="beforeEachTest()[pri:0, instance:TEST.Test1@589b3632]" name="beforeEachTest" is-config="true" duration-ms="7229" started-at="2019-02-05T23:05:45Z" finished-at="2019-02-05T23:05:52Z">
          <reporter-output>
          </reporter-output>
        </test-method> <!-- beforeEachTest -->
        <test-method status="PASS" signature="Test0002()[pri:0, instance:TEST.Test1@589b3632]" name="Test0002" duration-ms="2763" started-at="2019-02-05T23:05:52Z" finished-at="2019-02-05T23:05:55Z">
          <reporter-output>
          </reporter-output>
        </test-method> <!-- Test0002 -->
        <test-method status="PASS" signature="afterEachTest()[pri:0, instance:TEST.Test1@589b3632]" name="afterEachTest" is-config="true" duration-ms="4414" started-at="2019-02-05T23:05:55Z" finished-at="2019-02-05T23:05:59Z">
          <reporter-output>
          </reporter-output>
        </test-method> <!-- afterEachTest -->
        <test-method status="PASS" signature="beforeEachTest()[pri:0, instance:TEST.Test1@589b3632]" name="beforeEachTest" is-config="true" duration-ms="7003" started-at="2019-02-05T23:05:59Z" finished-at="2019-02-05T23:06:06Z">
          <reporter-output>
          </reporter-output>
        </test-method> <!-- beforeEachTest -->
        <test-method status="FAIL" signature="Test0003()[pri:0, instance:TEST.Test1@589b3632]" name="Test0003" duration-ms="2939" started-at="2019-02-05T23:06:06Z" finished-at="2019-02-05T23:06:09Z">
          <exception class="java.lang.AssertionError">
            <message>
              <![CDATA[expected [The password you’ve entered is incorrect. Forgot Password?] but found [The email or phone number you’ve entered doesn’t match any account. Sign up for an account.]]]>
            </message>
            <full-stacktrace>
              <![CDATA[java.lang.AssertionError: expected [The password you’ve entered is incorrect. Forgot Password?] but found [The email or phone number you’ve entered doesn’t match any account. Sign up for an account.]at org.testng.Assert.fail(Assert.java:96)at org.testng.Assert.failNotEquals(Assert.java:776)at org.testng.Assert.assertEqualsImpl(Assert.java:137)at org.testng.Assert.assertEquals(Assert.java:118)at org.testng.Assert.assertEquals(Assert.java:453)at org.testng.Assert.assertEquals(Assert.java:463)at GBLibrary.Global.getAndAssertText(Global.java:83)at Pages.FailedLoginPage.VerifyInvalidPass(FailedLoginPage.java:16)at TEST.Test1.Test0003(Test1.java:34)at sun.reflect.NativeMethodAccessorImpl.invoke0(Native Method)at sun.reflect.NativeMethodAccessorImpl.invoke(NativeMethodAccessorImpl.java:62)at sun.reflect.DelegatingMethodAccessorImpl.invoke(DelegatingMethodAccessorImpl.java:43)at java.lang.reflect.Method.invoke(Method.java:498)at org.testng.internal.MethodInvocationHelper.invokeMethod(MethodInvocationHelper.java:124)at org.testng.internal.Invoker.invokeMethod(Invoker.java:571)at org.testng.internal.Invoker.invokeTestMethod(Invoker.java:707)at org.testng.internal.Invoker.invokeTestMethods(Invoker.java:979)at org.testng.internal.TestMethodWorker.invokeTestMethods(TestMethodWorker.java:125)at org.testng.internal.TestMethodWorker.run(TestMethodWorker.java:109)at org.testng.TestRunner.privateRun(TestRunner.java:648)at org.testng.TestRunner.run(TestRunner.java:505)at org.testng.SuiteRunner.runTest(SuiteRunner.java:455)at org.testng.SuiteRunner.runSequentially(SuiteRunner.java:450)at org.testng.SuiteRunner.privateRun(SuiteRunner.java:415)at org.testng.SuiteRunner.run(SuiteRunner.java:364)at org.testng.SuiteRunnerWorker.runSuite(SuiteRunnerWorker.java:52)at org.testng.SuiteRunnerWorker.run(SuiteRunnerWorker.java:84)at org.testng.TestNG.runSuitesSequentially(TestNG.java:1187)at org.testng.TestNG.runSuitesLocally(TestNG.java:1116)at org.testng.TestNG.runSuites(TestNG.java:1028)at org.testng.TestNG.run(TestNG.java:996)at org.testng.remote.AbstractRemoteTestNG.run(AbstractRemoteTestNG.java:114)at org.testng.remote.RemoteTestNG.initAndRun(RemoteTestNG.java:251)at org.testng.remote.RemoteTestNG.main(RemoteTestNG.java:77)]]>
            </full-stacktrace>
          </exception> <!-- java.lang.AssertionError -->
          <reporter-output>
          </reporter-output>
        </test-method> <!-- Test0003 -->
        <test-method status="PASS" signature="afterEachTest()[pri:0, instance:TEST.Test1@589b3632]" name="afterEachTest" is-config="true" duration-ms="4321" started-at="2019-02-05T23:06:10Z" finished-at="2019-02-05T23:06:14Z">
          <reporter-output>
          </reporter-output>
        </test-method> <!-- afterEachTest -->
      </class> <!-- TEST.Test1 -->
    </test> <!-- Test -->
  </suite> <!-- Suite -->
</testng-results>
